15:59:31: Creating resource group General
15:59:31: Creating resource group Internal
15:59:31: Creating resource group Autodetect
15:59:31: Registering ResourceManager for type Material
15:59:31: Registering ResourceManager for type Skeleton
15:59:31: Registering ResourceManager for type Mesh
15:59:31: WARNING: conversion is an older format ([MeshSerializer_v1.40]); you should upgrade it as soon as possible using the OgreMeshUpgrade tool.
15:59:31: MeshSerializer writing mesh data to stream ...
15:59:31: File header written.
15:59:31: Writing mesh data...
15:59:31: Writing submesh...
15:59:31: Exporting submesh texture aliases...
15:59:31: Submesh texture aliases exported.
15:59:31: Submesh exported.
15:59:31: Writing submesh...
15:59:31: Exporting submesh texture aliases...
15:59:31: Submesh texture aliases exported.
15:59:31: Submesh exported.
15:59:31: Writing submesh...
15:59:31: Exporting submesh texture aliases...
15:59:31: Submesh texture aliases exported.
15:59:31: Submesh exported.
15:59:31: Writing submesh...
15:59:31: Exporting submesh texture aliases...
15:59:31: Submesh texture aliases exported.
15:59:31: Submesh exported.
15:59:31: Writing submesh...
15:59:31: Exporting submesh texture aliases...
15:59:31: Submesh texture aliases exported.
15:59:31: Submesh exported.
15:59:31: Writing submesh...
15:59:31: Exporting submesh texture aliases...
15:59:31: Submesh texture aliases exported.
15:59:31: Submesh exported.
15:59:31: Writing submesh...
15:59:31: Exporting submesh texture aliases...
15:59:31: Submesh texture aliases exported.
15:59:31: Submesh exported.
15:59:31: Writing submesh...
15:59:31: Exporting submesh texture aliases...
15:59:31: Submesh texture aliases exported.
15:59:31: Submesh exported.
15:59:31: Writing submesh...
15:59:31: Exporting submesh texture aliases...
15:59:31: Submesh texture aliases exported.
15:59:31: Submesh exported.
15:59:31: Writing submesh...
15:59:31: Exporting submesh texture aliases...
15:59:31: Submesh texture aliases exported.
15:59:31: Submesh exported.
15:59:31: Writing submesh...
15:59:31: Exporting submesh texture aliases...
15:59:31: Submesh texture aliases exported.
15:59:31: Submesh exported.
15:59:31: Exporting bounds information....
15:59:31: Bounds information exported.
15:59:31: Exporting submesh name table...
15:59:31: Submesh name table exported.
15:59:31: Exporting edge lists...
15:59:31: Edge lists exported
15:59:31: Mesh data exported.
15:59:31: MeshSerializer export successful.
15:59:31: Unregistering ResourceManager for type Mesh
15:59:31: Unregistering ResourceManager for type Skeleton
15:59:31: Unregistering ResourceManager for type Material
